epoch 0/150, epoch_loss=198652.48
epoch 0/150, HT@5=0.0082 HT@10=0.0108 NDCG@5=0.0062 NDCG@10=0.0075
epoch 1/150, epoch_loss=142862.15
epoch 1/150, HT@5=0.0225 HT@10=0.0268 NDCG@5=0.0182 NDCG@10=0.0205
epoch 2/150, epoch_loss=124536.78
epoch 2/150, HT@5=0.0358 HT@10=0.0402 NDCG@5=0.0298 NDCG@10=0.0325
epoch 3/150, epoch_loss=115284.42
epoch 3/150, HT@5=0.0475 HT@10=0.0528 NDCG@5=0.0412 NDCG@10=0.0446
epoch 4/150, epoch_loss=108732.56
epoch 4/150, HT@5=0.0582 HT@10=0.0642 NDCG@5=0.0518 NDCG@10=0.0555
epoch 5/150, epoch_loss=103856.32
epoch 5/150, HT@5=0.0685 HT@10=0.0748 NDCG@5=0.0612 NDCG@10=0.0652
epoch 10/150, epoch_loss=90245.76
epoch 10/150, HT@5=0.1082 HT@10=0.1158 NDCG@5=0.1012 NDCG@10=0.1058
epoch 15/150, epoch_loss=83624.38
epoch 15/150, HT@5=0.1365 HT@10=0.1448 NDCG@5=0.1318 NDCG@10=0.1368
epoch 20/150, epoch_loss=79856.25
epoch 20/150, HT@5=0.1592 HT@10=0.1678 NDCG@5=0.1562 NDCG@10=0.1612
epoch 25/150, epoch_loss=77254.18
epoch 25/150, HT@5=0.1778 HT@10=0.1868 NDCG@5=0.1768 NDCG@10=0.1822
epoch 30/150, epoch_loss=75362.42
epoch 30/150, HT@5=0.1932 HT@10=0.2022 NDCG@5=0.1942 NDCG@10=0.1995
epoch 35/150, epoch_loss=73842.56
epoch 35/150, HT@5=0.2052 HT@10=0.2142 NDCG@5=0.2075 NDCG@10=0.2128
epoch 40/150, epoch_loss=72683.48
epoch 40/150, HT@5=0.2148 HT@10=0.2238 NDCG@5=0.2185 NDCG@10=0.2238
epoch 45/150, epoch_loss=71852.32
epoch 45/150, HT@5=0.2228 HT@10=0.2318 NDCG@5=0.2275 NDCG@10=0.2328
epoch 50/150, epoch_loss=71236.58
epoch 50/150, HT@5=0.2295 HT@10=0.2385 NDCG@5=0.2348 NDCG@10=0.2402
epoch 55/150, epoch_loss=70782.45
epoch 55/150, HT@5=0.2352 HT@10=0.2442 NDCG@5=0.2412 NDCG@10=0.2465
epoch 58/150, epoch_loss=70562.82
epoch 58/150, HT@5=0.2398 HT@10=0.2488 NDCG@5=0.2462 NDCG@10=0.2515
epoch 59/150, epoch_loss=70498.56
epoch 59/150, HT@5=0.2418 HT@10=0.2508 NDCG@5=0.2482 NDCG@10=0.2535
epoch 60/150, epoch_loss=70442.38
epoch 60/150, HT@5=0.2432 HT@10=0.2522 NDCG@5=0.2498 NDCG@10=0.2552
epoch 61/150, epoch_loss=70395.22
epoch 61/150, HT@5=0.2448 HT@10=0.2538 NDCG@5=0.2512 NDCG@10=0.2568
epoch 62/150, epoch_loss=70352.48
epoch 62/150, HT@5=0.2458 HT@10=0.2552 NDCG@5=0.2528 NDCG@10=0.2588
epoch 63/150, epoch_loss=70315.72
epoch 63/150, HT@5=0.2465 HT@10=0.2585 NDCG@5=0.2545 NDCG@10=0.2655
epoch 64/150, epoch_loss=70286.35
epoch 64/150, HT@5=0.2462 HT@10=0.2582 NDCG@5=0.2542 NDCG@10=0.2652
wait=1
epoch 65/150, epoch_loss=70255.48
epoch 65/150, HT@5=0.2458 HT@10=0.2578 NDCG@5=0.2538 NDCG@10=0.2648
wait=2
epoch 66/150, epoch_loss=70225.62
epoch 66/150, HT@5=0.2452 HT@10=0.2572 NDCG@5=0.2532 NDCG@10=0.2642
wait=3
epoch 67/150, epoch_loss=70198.36
epoch 67/150, HT@5=0.2448 HT@10=0.2568 NDCG@5=0.2525 NDCG@10=0.2635
wait=4
epoch 68/150, epoch_loss=70175.82
epoch 68/150, HT@5=0.2442 HT@10=0.2562 NDCG@5=0.2518 NDCG@10=0.2628
wait=5
Early stop! best epoch = 63
best epoch = 63, HT@5= 0.2465, NDCG@5=0.2545, HT@10= 0.2585, NDCG@10=0.2655

