epoch 0/200, epoch_loss=156725.43
epoch 0/200, HT@5=0.0082 HT@10=0.0135 NDCG@5=0.0048 NDCG@10=0.0068
epoch 1/200, epoch_loss=118472.26
epoch 1/200, HT@5=0.0232 HT@10=0.0358 NDCG@5=0.0142 NDCG@10=0.0185
epoch 2/200, epoch_loss=102386.54
epoch 2/200, HT@5=0.0418 HT@10=0.0612 NDCG@5=0.0262 NDCG@10=0.0326
epoch 3/200, epoch_loss=95210.65
epoch 3/200, HT@5=0.0585 HT@10=0.0842 NDCG@5=0.0368 NDCG@10=0.0452
epoch 4/200, epoch_loss=91382.38
epoch 4/200, HT@5=0.0722 HT@10=0.1038 NDCG@5=0.0456 NDCG@10=0.0558
epoch 5/200, epoch_loss=88695.72
epoch 5/200, HT@5=0.0842 HT@10=0.1202 NDCG@5=0.0535 NDCG@10=0.0648
epoch 6/200, epoch_loss=86842.15
epoch 6/200, HT@5=0.0948 HT@10=0.1345 NDCG@5=0.0608 NDCG@10=0.0732
epoch 7/200, epoch_loss=85362.81
epoch 7/200, HT@5=0.1042 HT@10=0.1468 NDCG@5=0.0675 NDCG@10=0.0808
epoch 8/200, epoch_loss=84215.64
epoch 8/200, HT@5=0.1125 HT@10=0.1575 NDCG@5=0.0735 NDCG@10=0.0875
epoch 9/200, epoch_loss=83245.18
epoch 9/200, HT@5=0.1198 HT@10=0.1672 NDCG@5=0.0792 NDCG@10=0.0938
epoch 10/200, epoch_loss=82481.25
epoch 10/200, HT@5=0.1264 HT@10=0.1752 NDCG@5=0.0842 NDCG@10=0.0992
epoch 15/200, epoch_loss=79986.43
epoch 15/200, HT@5=0.1498 HT@10=0.2065 NDCG@5=0.1012 NDCG@10=0.1185
epoch 20/200, epoch_loss=78265.82
epoch 20/200, HT@5=0.1675 HT@10=0.2312 NDCG@5=0.1155 NDCG@10=0.1348
epoch 25/200, epoch_loss=77185.56
epoch 25/200, HT@5=0.1818 HT@10=0.2502 NDCG@5=0.1272 NDCG@10=0.1482
epoch 30/200, epoch_loss=76452.38
epoch 30/200, HT@5=0.1942 HT@10=0.2665 NDCG@5=0.1378 NDCG@10=0.1602
epoch 35/200, epoch_loss=75968.12
epoch 35/200, HT@5=0.2045 HT@10=0.2795 NDCG@5=0.1472 NDCG@10=0.1708
epoch 40/200, epoch_loss=75586.24
epoch 40/200, HT@5=0.2128 HT@10=0.2895 NDCG@5=0.1552 NDCG@10=0.1798
epoch 42/200, epoch_loss=75482.65
epoch 42/200, HT@5=0.2148 HT@10=0.2922 NDCG@5=0.1768 NDCG@10=0.2048
epoch 44/200, epoch_loss=75412.38
epoch 44/200, HT@5=0.2172 HT@10=0.2952 NDCG@5=0.1838 NDCG@10=0.2122
epoch 46/200, epoch_loss=75346.26
epoch 46/200, HT@5=0.2195 HT@10=0.2978 NDCG@5=0.1925 NDCG@10=0.2215
epoch 48/200, epoch_loss=75295.72
epoch 48/200, HT@5=0.2212 HT@10=0.2998 NDCG@5=0.1968 NDCG@10=0.2268
epoch 50/200, epoch_loss=75249.35
epoch 50/200, HT@5=0.2220 HT@10=0.3011 NDCG@5=0.1992 NDCG@10=0.2308
epoch 51/200, epoch_loss=75238.28
epoch 51/200, HT@5=0.2218 HT@10=0.3008 NDCG@5=0.1991 NDCG@10=0.2302
wait=1
epoch 52/200, epoch_loss=75228.65
epoch 52/200, HT@5=0.2215 HT@10=0.3005 NDCG@5=0.1988 NDCG@10=0.2296
wait=2
epoch 53/200, epoch_loss=75215.42
epoch 53/200, HT@5=0.2212 HT@10=0.2998 NDCG@5=0.1984 NDCG@10=0.2290
wait=3
epoch 54/200, epoch_loss=75208.56
epoch 54/200, HT@5=0.2208 HT@10=0.2992 NDCG@5=0.1978 NDCG@10=0.2282
wait=4
epoch 55/200, epoch_loss=75198.12
epoch 55/200, HT@5=0.2202 HT@10=0.2985 NDCG@5=0.1972 NDCG@10=0.2275
wait=5
Early stop! best epoch = 50
best epoch = 50, HT@5= 0.2220, NDCG@5=0.1992, HT@10= 0.3011, NDCG@10=0.2308

